<?xml version="1.0" encoding="UTF-8"?>
<testsuite xmlns:xsi="http://www.w3.org/2001/XMLSchema-instance" xsi:noNamespaceSchemaLocation="https://maven.apache.org/surefire/maven-surefire-plugin/xsd/surefire-test-report-3.0.xsd" version="3.0" name="com.erp.signoff.RedisTemplateTest" time="5.517" tests="5" errors="0" skipped="0" failures="0">
  <properties>
[...]
</properties>
  <testcase name="testIncrement" classname="com.erp.signoff.RedisTemplateTest" time="1.37">
    <system-out><![CDATA[
  .   ____          _            __ _ _
 /\\ / ___'_ __ _ _(_)_ __  __ _ \ \ \ \
( ( )\___ | '_ | '_| | '_ \/ _` | \ \ \ \
 \\/  ___)| |_)| | | | | || (_| |  ) ) ) )
  '  |____| .__|_| |_|_| |_\__, | / / / /
 =========|_|==============|___/=/_/_/_/

 :: Spring Boot ::                (v3.3.5)

2026-09-15T23:13:48.183+08:00  WARN 2532 --- [ps-auto-signoff] [           main] ory$DuplicateJsonObjectContextCustomizer : 

Found multiple occurrences of org.json.JSONObject on the class path:

	jar:file:/E:/javaUtils/apache-maven-3.9.8-bin/maven-repository/org/json/json/20231013/json-20231013.jar!/org/json/JSONObject.class
	jar:file:/E:/javaUtils/apache-maven-3.9.8-bin/maven-repository/com/vaadin/external/google/android-json/0.0.20131108.vaadin1/android-json-0.0.20131108.vaadin1.jar!/org/json/JSONObject.class

You may wish to exclude one of them to ensure predictable runtime behavior

2026-09-15T23:13:48.215+08:00  INFO 2532 --- [ps-auto-signoff] [           main] com.erp.signoff.RedisTemplateTest        : Starting RedisTemplateTest using Java 17.0.8 with PID 2532 (started by 86132 in C:\Users\86132\Desktop\ERP\Erp_Api)
2026-09-15T23:13:48.215+08:00 DEBUG 2532 --- [ps-auto-signoff] [           main] com.erp.signoff.RedisTemplateTest        : Running with Spring Boot v3.3.5, Spring v6.1.14
2026-09-15T23:13:48.216+08:00  INFO 2532 --- [ps-auto-signoff] [           main] com.erp.signoff.RedisTemplateTest        : No active profile set, falling back to 1 default profile: "default"
2026-09-15T23:13:49.289+08:00  INFO 2532 --- [ps-auto-signoff] [           main] .s.d.r.c.RepositoryConfigurationDelegate : Multiple Spring Data modules found, entering strict repository configuration mode
2026-09-15T23:13:49.292+08:00  INFO 2532 --- [ps-auto-signoff] [           main] .s.d.r.c.RepositoryConfigurationDelegate : Bootstrapping Spring Data Redis repositories in DEFAULT mode.
2026-09-15T23:13:49.331+08:00  INFO 2532 --- [ps-auto-signoff] [           main] .s.d.r.c.RepositoryConfigurationDelegate : Finished Spring Data repository scanning in 21 ms. Found 0 Redis repository interfaces.
Logging initialized using 'class org.apache.ibatis.logging.stdout.StdOutImpl' adapter.
2026-09-15T23:13:51.041+08:00  INFO 2532 --- [ps-auto-signoff] [           main] com.erp.signoff.RedisTemplateTest        : Started RedisTemplateTest in 3.231 seconds (process running for 4.462)
]]></system-out>
  </testcase>
  <testcase name="testSetWithExpire" classname="com.erp.signoff.RedisTemplateTest" time="0.111"/>
  <testcase name="testSetAndGet" classname="com.erp.signoff.RedisTemplateTest" time="0.117"/>
  <testcase name="testSetObject" classname="com.erp.signoff.RedisTemplateTest" time="0.109"/>
  <testcase name="testDelete" classname="com.erp.signoff.RedisTemplateTest" time="0.095"/>
</testsuite>